-------------------------------------------------------------------------------
Test set: ecom.Tests.LoginTest
-------------------------------------------------------------------------------
Tests run: 1, Failures: 1, Errors: 0, Skipped: 0, Time elapsed: 8.207 s <<< FAILURE! - in ecom.Tests.LoginTest
testLogin(ecom.Tests.LoginTest)  Time elapsed: 7.529 s  <<< FAILURE!
org.testng.TestNGException: 

Cannot inject @Test annotated Method [testLogin] with [class java.lang.String, class java.lang.String, boolean].
For more information on native dependency injection please refer to https://testng.org/#_dependency_injection

